# JRE version: Java(TM) SE Runtime Environment (8.0_151-b12) (build 1.8.0_151-b12)
# Java VM: Java HotSpot(TM) 64-Bit Server VM (25.151-b12 mixed mode bsd-amd64 compressed oops)
Heap:
 PSYoungGen      total 526848K, used 34176K [0x000000076ab00000, 0x000000079ce80000, 0x00000007c0000000)
  eden space 481792K, 4% used [0x000000076ab00000,0x000000076be92428,0x0000000788180000)
  from space 45056K, 31% used [0x0000000788180000,0x0000000788f4ddb0,0x000000078ad80000)
  to   space 45056K, 0% used [0x000000079a280000,0x000000079a280000,0x000000079ce80000)
 ParOldGen       total 208896K, used 109068K [0x00000006c0000000, 0x00000006ccc00000, 0x000000076ab00000)
  object space 208896K, 52% used [0x00000006c0000000,0x00000006c6a830c0,0x00000006ccc00000)
 Metaspace       used 24495K, capacity 25408K, committed 25728K, reserved 1071104K
  class space    used 3144K, capacity 3385K, committed 3456K, reserved 1048576K
GC Heap History (10 events):
Event: 33,353 GC heap before
{Heap before GC invocations=6 (full 1):
 PSYoungGen      total 141824K, used 10733K [0x000000076ab00000, 0x0000000780100000, 0x00000007c0000000)
  eden space 131072K, 0% used [0x000000076ab00000,0x000000076ab00000,0x0000000772b00000)
  from space 10752K, 99% used [0x0000000772b00000,0x000000077357b590,0x0000000773580000)
  to   space 44032K, 0% used [0x000000077d600000,0x000000077d600000,0x0000000780100000)
 ParOldGen       total 175104K, used 99402K [0x00000006c0000000, 0x00000006cab00000, 0x000000076ab00000)
  object space 175104K, 56% used [0x00000006c0000000,0x00000006c6112bd0,0x00000006cab00000)
 Metaspace       used 20453K, capacity 21116K, committed 21296K, reserved 1067008K
  class space    used 2676K, capacity 2875K, committed 2944K, reserved 1048576K
Event: 33,424 GC heap after
Heap after GC invocations=6 (full 1):
 PSYoungGen      total 141824K, used 0K [0x000000076ab00000, 0x0000000780100000, 0x00000007c0000000)
  eden space 131072K, 0% used [0x000000076ab00000,0x000000076ab00000,0x0000000772b00000)
  from space 10752K, 0% used [0x0000000772b00000,0x0000000772b00000,0x0000000773580000)
  to   space 44032K, 0% used [0x000000077d600000,0x000000077d600000,0x0000000780100000)
 ParOldGen       total 208896K, used 106732K [0x00000006c0000000, 0x00000006ccc00000, 0x000000076ab00000)
  object space 208896K, 51% used [0x00000006c0000000,0x00000006c683b0a0,0x00000006ccc00000)
 Metaspace       used 20453K, capacity 21116K, committed 21296K, reserved 1067008K
  class space    used 2676K, capacity 2875K, committed 2944K, reserved 1048576K
}
Event: 34,724 GC heap before
{Heap before GC invocations=7 (full 1):
 PSYoungGen      total 141824K, used 131072K [0x000000076ab00000, 0x0000000780100000, 0x00000007c0000000)
  eden space 131072K, 100% used [0x000000076ab00000,0x0000000772b00000,0x0000000772b00000)
  from space 10752K, 0% used [0x0000000772b00000,0x0000000772b00000,0x0000000773580000)
  to   space 44032K, 0% used [0x000000077d600000,0x000000077d600000,0x0000000780100000)
 ParOldGen       total 208896K, used 106732K [0x00000006c0000000, 0x00000006ccc00000, 0x000000076ab00000)
  object space 208896K, 51% used [0x00000006c0000000,0x00000006c683b0a0,0x00000006ccc00000)
 Metaspace       used 23900K, capacity 24798K, committed 24960K, reserved 1071104K
  class space    used 3105K, capacity 3340K, committed 3456K, reserved 1048576K
Event: 34,731 GC heap after
Heap after GC invocations=7 (full 1):
 PSYoungGen      total 294912K, used 12159K [0x000000076ab00000, 0x000000077fe00000, 0x00000007c0000000)
  eden space 253952K, 0% used [0x000000076ab00000,0x000000076ab00000,0x000000077a300000)
  from space 40960K, 29% used [0x000000077d600000,0x000000077e1dfc50,0x000000077fe00000)
  to   space 46592K, 0% used [0x000000077a300000,0x000000077a300000,0x000000077d080000)
 ParOldGen       total 208896K, used 106740K [0x00000006c0000000, 0x00000006ccc00000, 0x000000076ab00000)
  object space 208896K, 51% used [0x00000006c0000000,0x00000006c683d0a0,0x00000006ccc00000)
 Metaspace       used 23900K, capacity 24798K, committed 24960K, reserved 1071104K
  class space    used 3105K, capacity 3340K, committed 3456K, reserved 1048576K
}
Event: 35,861 GC heap before
{Heap before GC invocations=8 (full 1):
 PSYoungGen      total 294912K, used 266111K [0x000000076ab00000, 0x000000077fe00000, 0x00000007c0000000)
  eden space 253952K, 100% used [0x000000076ab00000,0x000000077a300000,0x000000077a300000)
  from space 40960K, 29% used [0x000000077d600000,0x000000077e1dfc50,0x000000077fe00000)
  to   space 46592K, 0% used [0x000000077a300000,0x000000077a300000,0x000000077d080000)
 ParOldGen       total 208896K, used 106740K [0x00000006c0000000, 0x00000006ccc00000, 0x000000076ab00000)
  object space 208896K, 51% used [0x00000006c0000000,0x00000006c683d0a0,0x00000006ccc00000)
 Metaspace       used 24124K, capacity 25086K, committed 25216K, reserved 1071104K
  class space    used 3121K, capacity 3372K, committed 3456K, reserved 1048576K
Event: 35,866 GC heap after
Heap after GC invocations=8 (full 1):
 PSYoungGen      total 300544K, used 9591K [0x000000076ab00000, 0x000000078e400000, 0x00000007c0000000)
  eden space 253952K, 0% used [0x000000076ab00000,0x000000076ab00000,0x000000077a300000)
  from space 46592K, 20% used [0x000000077a300000,0x000000077ac5dd40,0x000000077d080000)
  to   space 47616K, 0% used [0x000000078b580000,0x000000078b580000,0x000000078e400000)
 ParOldGen       total 208896K, used 106748K [0x00000006c0000000, 0x00000006ccc00000, 0x000000076ab00000)
  object space 208896K, 51% used [0x00000006c0000000,0x00000006c683f0a0,0x00000006ccc00000)
 Metaspace       used 24124K, capacity 25086K, committed 25216K, reserved 1071104K
  class space    used 3121K, capacity 3372K, committed 3456K, reserved 1048576K
}
Event: 41,199 GC heap before
{Heap before GC invocations=9 (full 1):
 PSYoungGen      total 300544K, used 263543K [0x000000076ab00000, 0x000000078e400000, 0x00000007c0000000)
  eden space 253952K, 100% used [0x000000076ab00000,0x000000077a300000,0x000000077a300000)
  from space 46592K, 20% used [0x000000077a300000,0x000000077ac5dd40,0x000000077d080000)
  to   space 47616K, 0% used [0x000000078b580000,0x000000078b580000,0x000000078e400000)
 ParOldGen       total 208896K, used 106748K [0x00000006c0000000, 0x00000006ccc00000, 0x000000076ab00000)
  object space 208896K, 51% used [0x00000006c0000000,0x00000006c683f0a0,0x00000006ccc00000)
 Metaspace       used 24273K, capacity 25220K, committed 25472K, reserved 1071104K
  class space    used 3123K, capacity 3373K, committed 3456K, reserved 1048576K
Event: 41,212 GC heap after
Heap after GC invocations=9 (full 1):
 PSYoungGen      total 518656K, used 25516K [0x000000076ab00000, 0x000000078d980000, 0x00000007c0000000)
  eden space 481792K, 0% used [0x000000076ab00000,0x000000076ab00000,0x0000000788180000)
  from space 36864K, 69% used [0x000000078b580000,0x000000078ce6b1b8,0x000000078d980000)
  to   space 45056K, 0% used [0x0000000788180000,0x0000000788180000,0x000000078ad80000)
 ParOldGen       total 208896K, used 106756K [0x00000006c0000000, 0x00000006ccc00000, 0x000000076ab00000)
  object space 208896K, 51% used [0x00000006c0000000,0x00000006c68410a0,0x00000006ccc00000)
 Metaspace       used 24273K, capacity 25220K, committed 25472K, reserved 1071104K
  class space    used 3123K, capacity 3373K, committed 3456K, reserved 1048576K
}
Event: 53,540 GC heap before
{Heap before GC invocations=10 (full 1):
 PSYoungGen      total 518656K, used 507308K [0x000000076ab00000, 0x000000078d980000, 0x00000007c0000000)
  eden space 481792K, 100% used [0x000000076ab00000,0x0000000788180000,0x0000000788180000)
  from space 36864K, 69% used [0x000000078b580000,0x000000078ce6b1b8,0x000000078d980000)
  to   space 45056K, 0% used [0x0000000788180000,0x0000000788180000,0x000000078ad80000)
 ParOldGen       total 208896K, used 106756K [0x00000006c0000000, 0x00000006ccc00000, 0x000000076ab00000)
  object space 208896K, 51% used [0x00000006c0000000,0x00000006c68410a0,0x00000006ccc00000)
 Metaspace       used 24407K, capacity 25288K, committed 25472K, reserved 1071104K
  class space    used 3123K, capacity 3373K, committed 3456K, reserved 1048576K
Event: 53,548 GC heap after
Heap after GC invocations=10 (full 1):
 PSYoungGen      total 526848K, used 14135K [0x000000076ab00000, 0x000000079ce80000, 0x00000007c0000000)
  eden space 481792K, 0% used [0x000000076ab00000,0x000000076ab00000,0x0000000788180000)
  from space 45056K, 31% used [0x0000000788180000,0x0000000788f4ddb0,0x000000078ad80000)
  to   space 45056K, 0% used [0x000000079a280000,0x000000079a280000,0x000000079ce80000)
 ParOldGen       total 208896K, used 109068K [0x00000006c0000000, 0x00000006ccc00000, 0x000000076ab00000)
  object space 208896K, 52% used [0x00000006c0000000,0x00000006c6a830c0,0x00000006ccc00000)
 Metaspace       used 24407K, capacity 25288K, committed 25472K, reserved 1071104K
  class space    used 3123K, capacity 3373K, committed 3456K, reserved 1048576K
}

