# JRE version: Java(TM) SE Runtime Environment (8.0_151-b12) (build 1.8.0_151-b12)
# Java VM: Java HotSpot(TM) 64-Bit Server VM (25.151-b12 mixed mode bsd-amd64 compressed oops)
Heap:
 PSYoungGen      total 722944K, used 36271K [0x000000076ab00000, 0x000000079ac80000, 0x00000007c0000000)
  eden space 680448K, 5% used [0x000000076ab00000,0x000000076ce43d98,0x0000000794380000)
  from space 42496K, 0% used [0x0000000798300000,0x0000000798328000,0x000000079ac80000)
  to   space 53760K, 0% used [0x0000000794380000,0x0000000794380000,0x0000000797800000)
 ParOldGen       total 214016K, used 125451K [0x00000006c0000000, 0x00000006cd100000, 0x000000076ab00000)
  object space 214016K, 58% used [0x00000006c0000000,0x00000006c7a82c58,0x00000006cd100000)
 Metaspace       used 25130K, capacity 26054K, committed 26368K, reserved 1073152K
  class space    used 3237K, capacity 3478K, committed 3584K, reserved 1048576K
GC Heap History (10 events):
Event: 23,550 GC heap before
{Heap before GC invocations=7 (full 1):
 PSYoungGen      total 141824K, used 131072K [0x000000076ab00000, 0x0000000780400000, 0x00000007c0000000)
  eden space 131072K, 100% used [0x000000076ab00000,0x0000000772b00000,0x0000000772b00000)
  from space 10752K, 0% used [0x0000000772b00000,0x0000000772b00000,0x0000000773580000)
  to   space 45568K, 0% used [0x000000077d780000,0x000000077d780000,0x0000000780400000)
 ParOldGen       total 214016K, used 108258K [0x00000006c0000000, 0x00000006cd100000, 0x000000076ab00000)
  object space 214016K, 50% used [0x00000006c0000000,0x00000006c69b8a58,0x00000006cd100000)
 Metaspace       used 23508K, capacity 24378K, committed 24704K, reserved 1071104K
  class space    used 3075K, capacity 3334K, committed 3456K, reserved 1048576K
Event: 23,571 GC heap after
Heap after GC invocations=7 (full 1):
 PSYoungGen      total 289280K, used 38412K [0x000000076ab00000, 0x000000077fd80000, 0x00000007c0000000)
  eden space 250368K, 0% used [0x000000076ab00000,0x000000076ab00000,0x0000000779f80000)
  from space 38912K, 98% used [0x000000077d780000,0x000000077fd03020,0x000000077fd80000)
  to   space 47616K, 0% used [0x000000077a080000,0x000000077a080000,0x000000077cf00000)
 ParOldGen       total 214016K, used 108266K [0x00000006c0000000, 0x00000006cd100000, 0x000000076ab00000)
  object space 214016K, 50% used [0x00000006c0000000,0x00000006c69baa58,0x00000006cd100000)
 Metaspace       used 23508K, capacity 24378K, committed 24704K, reserved 1071104K
  class space    used 3075K, capacity 3334K, committed 3456K, reserved 1048576K
}
Event: 28,690 GC heap before
{Heap before GC invocations=8 (full 1):
 PSYoungGen      total 289280K, used 288780K [0x000000076ab00000, 0x000000077fd80000, 0x00000007c0000000)
  eden space 250368K, 100% used [0x000000076ab00000,0x0000000779f80000,0x0000000779f80000)
  from space 38912K, 98% used [0x000000077d780000,0x000000077fd03020,0x000000077fd80000)
  to   space 47616K, 0% used [0x000000077a080000,0x000000077a080000,0x000000077cf00000)
 ParOldGen       total 214016K, used 108266K [0x00000006c0000000, 0x00000006cd100000, 0x000000076ab00000)
  object space 214016K, 50% used [0x00000006c0000000,0x00000006c69baa58,0x00000006cd100000)
 Metaspace       used 24810K, capacity 25706K, committed 25984K, reserved 1071104K
  class space    used 3200K, capacity 3434K, committed 3456K, reserved 1048576K
Event: 28,696 GC heap after
Heap after GC invocations=8 (full 1):
 PSYoungGen      total 299008K, used 17588K [0x000000076ab00000, 0x000000078d600000, 0x00000007c0000000)
  eden space 251392K, 0% used [0x000000076ab00000,0x000000076ab00000,0x000000077a080000)
  from space 47616K, 36% used [0x000000077a080000,0x000000077b1ad1e0,0x000000077cf00000)
  to   space 48640K, 0% used [0x000000078a680000,0x000000078a680000,0x000000078d600000)
 ParOldGen       total 214016K, used 108274K [0x00000006c0000000, 0x00000006cd100000, 0x000000076ab00000)
  object space 214016K, 50% used [0x00000006c0000000,0x00000006c69bca58,0x00000006cd100000)
 Metaspace       used 24810K, capacity 25706K, committed 25984K, reserved 1071104K
  class space    used 3200K, capacity 3434K, committed 3456K, reserved 1048576K
}
Event: 32,466 GC heap before
{Heap before GC invocations=9 (full 1):
 PSYoungGen      total 299008K, used 268980K [0x000000076ab00000, 0x000000078d600000, 0x00000007c0000000)
  eden space 251392K, 100% used [0x000000076ab00000,0x000000077a080000,0x000000077a080000)
  from space 47616K, 36% used [0x000000077a080000,0x000000077b1ad1e0,0x000000077cf00000)
  to   space 48640K, 0% used [0x000000078a680000,0x000000078a680000,0x000000078d600000)
 ParOldGen       total 214016K, used 108274K [0x00000006c0000000, 0x00000006cd100000, 0x000000076ab00000)
  object space 214016K, 50% used [0x00000006c0000000,0x00000006c69bca58,0x00000006cd100000)
 Metaspace       used 24873K, capacity 25774K, committed 25984K, reserved 1071104K
  class space    used 3200K, capacity 3434K, committed 3456K, reserved 1048576K
Event: 32,476 GC heap after
Heap after GC invocations=9 (full 1):
 PSYoungGen      total 510464K, used 17204K [0x000000076ab00000, 0x000000078d200000, 0x00000007c0000000)
  eden space 465920K, 0% used [0x000000076ab00000,0x000000076ab00000,0x0000000787200000)
  from space 44544K, 38% used [0x000000078a680000,0x000000078b74d1e0,0x000000078d200000)
  to   space 49152K, 0% used [0x0000000787200000,0x0000000787200000,0x000000078a200000)
 ParOldGen       total 214016K, used 108282K [0x00000006c0000000, 0x00000006cd100000, 0x000000076ab00000)
  object space 214016K, 50% used [0x00000006c0000000,0x00000006c69bea58,0x00000006cd100000)
 Metaspace       used 24873K, capacity 25774K, committed 25984K, reserved 1071104K
  class space    used 3200K, capacity 3434K, committed 3456K, reserved 1048576K
}
Event: 47,968 GC heap before
{Heap before GC invocations=10 (full 1):
 PSYoungGen      total 510464K, used 483124K [0x000000076ab00000, 0x000000078d200000, 0x00000007c0000000)
  eden space 465920K, 100% used [0x000000076ab00000,0x0000000787200000,0x0000000787200000)
  from space 44544K, 38% used [0x000000078a680000,0x000000078b74d1e0,0x000000078d200000)
  to   space 49152K, 0% used [0x0000000787200000,0x0000000787200000,0x000000078a200000)
 ParOldGen       total 214016K, used 108282K [0x00000006c0000000, 0x00000006cd100000, 0x000000076ab00000)
  object space 214016K, 50% used [0x00000006c0000000,0x00000006c69bea58,0x00000006cd100000)
 Metaspace       used 24952K, capacity 25838K, committed 25984K, reserved 1071104K
  class space    used 3200K, capacity 3434K, committed 3456K, reserved 1048576K
Event: 47,978 GC heap after
Heap after GC invocations=10 (full 1):
 PSYoungGen      total 515072K, used 576K [0x000000076ab00000, 0x000000079b580000, 0x00000007c0000000)
  eden space 465920K, 0% used [0x000000076ab00000,0x000000076ab00000,0x0000000787200000)
  from space 49152K, 1% used [0x0000000787200000,0x0000000787290000,0x000000078a200000)
  to   space 51712K, 0% used [0x0000000798300000,0x0000000798300000,0x000000079b580000)
 ParOldGen       total 214016K, used 124931K [0x00000006c0000000, 0x00000006cd100000, 0x000000076ab00000)
  object space 214016K, 58% used [0x00000006c0000000,0x00000006c7a00c58,0x00000006cd100000)
 Metaspace       used 24952K, capacity 25838K, committed 25984K, reserved 1071104K
  class space    used 3200K, capacity 3434K, committed 3456K, reserved 1048576K
}
Event: 62,838 GC heap before
{Heap before GC invocations=11 (full 1):
 PSYoungGen      total 515072K, used 466496K [0x000000076ab00000, 0x000000079b580000, 0x00000007c0000000)
  eden space 465920K, 100% used [0x000000076ab00000,0x0000000787200000,0x0000000787200000)
  from space 49152K, 1% used [0x0000000787200000,0x0000000787290000,0x000000078a200000)
  to   space 51712K, 0% used [0x0000000798300000,0x0000000798300000,0x000000079b580000)
 ParOldGen       total 214016K, used 124931K [0x00000006c0000000, 0x00000006cd100000, 0x000000076ab00000)
  object space 214016K, 58% used [0x00000006c0000000,0x00000006c7a00c58,0x00000006cd100000)
 Metaspace       used 25068K, capacity 25998K, committed 26368K, reserved 1073152K
  class space    used 3228K, capacity 3466K, committed 3584K, reserved 1048576K
Event: 62,840 GC heap after
Heap after GC invocations=11 (full 1):
 PSYoungGen      total 722944K, used 160K [0x000000076ab00000, 0x000000079ac80000, 0x00000007c0000000)
  eden space 680448K, 0% used [0x000000076ab00000,0x000000076ab00000,0x0000000794380000)
  from space 42496K, 0% used [0x0000000798300000,0x0000000798328000,0x000000079ac80000)
  to   space 53760K, 0% used [0x0000000794380000,0x0000000794380000,0x0000000797800000)
 ParOldGen       total 214016K, used 125451K [0x00000006c0000000, 0x00000006cd100000, 0x000000076ab00000)
  object space 214016K, 58% used [0x00000006c0000000,0x00000006c7a82c58,0x00000006cd100000)
 Metaspace       used 25068K, capacity 25998K, committed 26368K, reserved 1073152K
  class space    used 3228K, capacity 3466K, committed 3584K, reserved 1048576K
}

